[debug] [2025-05-10T14:12:25.716Z] ----------------------------------------------------------------------
[debug] [2025-05-10T14:12:25.720Z] Command:       C:\Program Files\nodejs\node.exe C:\Users\asus\AppData\Roaming\npm\node_modules\firebase-tools\lib\bin\firebase.js init hosting
[debug] [2025-05-10T14:12:25.720Z] CLI Version:   14.3.1
[debug] [2025-05-10T14:12:25.720Z] Platform:      win32
[debug] [2025-05-10T14:12:25.721Z] Node Version:  v22.14.0
[debug] [2025-05-10T14:12:25.721Z] Time:          Sat May 10 2025 19:42:25 GMT+0530 (India Standard Time)
[debug] [2025-05-10T14:12:25.721Z] ----------------------------------------------------------------------
[debug] 
[debug] [2025-05-10T14:12:25.723Z] >>> [apiv2][query] GET https://firebase-public.firebaseio.com/cli.json [none]
[debug] [2025-05-10T14:12:25.993Z] > command requires scopes: ["email","openid","https://www.googleapis.com/auth/cloudplatformprojects.readonly","https://www.googleapis.com/auth/firebase","https://www.googleapis.com/auth/cloud-platform"]
[debug] [2025-05-10T14:12:25.993Z] > authorizing via signed-in user (devangbabel12@gmail.com)
[info] 
     ######## #### ########  ######## ########     ###     ######  ########
     ##        ##  ##     ## ##       ##     ##  ##   ##  ##       ##
     ######    ##  ########  ######   ########  #########  ######  ######
     ##        ##  ##    ##  ##       ##     ## ##     ##       ## ##
     ##       #### ##     ## ######## ########  ##     ##  ######  ########

You're about to initialize a Firebase project in this directory:

  E:\internship\defence_web_pagenew\my-integrated-app

Before we get started, keep in mind:

  * You are initializing within an existing Firebase project directory

[debug] [2025-05-10T14:12:26.650Z] <<< [apiv2][status] GET https://firebase-public.firebaseio.com/cli.json 200
[debug] [2025-05-10T14:12:26.651Z] <<< [apiv2][body] GET https://firebase-public.firebaseio.com/cli.json {"cloudBuildErrorAfter":1594252800000,"cloudBuildWarnAfter":1590019200000,"defaultNode10After":1594252800000,"minVersion":"3.0.5","node8DeploysDisabledAfter":1613390400000,"node8RuntimeDisabledAfter":1615809600000,"node8WarnAfter":1600128000000}
[info] 
=== Project Setup
[info] 
[info] First, let's associate this project directory with a Firebase project.
[info] You can create multiple project aliases by running firebase use --add, 
[info] but for now we'll just set up a default project.
[info] 
[debug] [2025-05-10T14:12:39.569Z] Checked if tokens are valid: false, expires at: 1744198782756
[debug] [2025-05-10T14:12:39.569Z] Checked if tokens are valid: false, expires at: 1744198782756
[debug] [2025-05-10T14:12:39.569Z] > refreshing access token with scopes: []
[debug] [2025-05-10T14:12:39.570Z] >>> [apiv2][query] POST https://www.googleapis.com/oauth2/v3/token [none]
[debug] [2025-05-10T14:12:39.571Z] >>> [apiv2][body] POST https://www.googleapis.com/oauth2/v3/token [omitted]
[debug] [2025-05-10T14:12:39.801Z] <<< [apiv2][status] POST https://www.googleapis.com/oauth2/v3/token 200
[debug] [2025-05-10T14:12:39.801Z] <<< [apiv2][body] POST https://www.googleapis.com/oauth2/v3/token [omitted]
[debug] [2025-05-10T14:12:39.810Z] >>> [apiv2][query] GET https://firebase.googleapis.com/v1beta1/projects pageSize=100
[debug] [2025-05-10T14:12:40.546Z] <<< [apiv2][status] GET https://firebase.googleapis.com/v1beta1/projects 200
[debug] [2025-05-10T14:12:40.546Z] <<< [apiv2][body] GET https://firebase.googleapis.com/v1beta1/projects [omitted]
[info] i  Using project indiansecurityalert (IndianSecurityAlert) 
[info] 
=== Hosting Setup
[debug] [2025-05-10T14:12:43.883Z] Checked if tokens are valid: true, expires at: 1746889958801
[debug] [2025-05-10T14:12:43.883Z] Checked if tokens are valid: true, expires at: 1746889958801
[debug] [2025-05-10T14:12:43.883Z] >>> [apiv2][query] GET https://firebase.googleapis.com/v1beta1/projects/indiansecurityalert [none]
[debug] [2025-05-10T14:12:44.461Z] <<< [apiv2][status] GET https://firebase.googleapis.com/v1beta1/projects/indiansecurityalert 200
[debug] [2025-05-10T14:12:44.462Z] <<< [apiv2][body] GET https://firebase.googleapis.com/v1beta1/projects/indiansecurityalert {"projectId":"indiansecurityalert","projectNumber":"308423557731","displayName":"IndianSecurityAlert","name":"projects/indiansecurityalert","resources":{"hostingSite":"indiansecurityalert"},"state":"ACTIVE","etag":"1_ac6932d7-0760-4507-807b-cf15ff0155b4"}
[info] 
[info] Your public directory is the folder (relative to your project directory) that
[info] will contain Hosting assets to be uploaded with firebase deploy. If you
[info] have a build process for your assets, use your build's output directory.
[info] 
